<?xml version="1.0" encoding="UTF-8"?>
<!-- Generated by org.testng.reporters.JUnitReportReporter -->
<testsuite hostname="Jas" failures="0" tests="1" name="ems.SchemaValidation.NetworkNtJsonSchemaValidator" time="0.316" errors="0" timestamp="2024-01-27T14:01:37 IST" skipped="0">
  <testcase classname="ems.SchemaValidation.NetworkNtJsonSchemaValidator" name="validateJsonSchema" time="0.316"/>
  <system-out/>
</testsuite> <!-- ems.SchemaValidation.NetworkNtJsonSchemaValidator -->
