<?xml version="1.0" encoding="UTF-8"?>
<!-- Generated by org.testng.reporters.JUnitReportReporter -->
<testsuite hostname="Jas" failures="0" tests="3" name="ems.Authorization.ApiKeyAuthExample" time="3.403" errors="0" timestamp="2024-02-03T15:35:14 IST" skipped="2">
  <testcase classname="ems.Authorization.ApiKeyAuthExample" name="ApiKeyUsingHeader" time="3.403"/>
  <system-out/>
  <testcase classname="ems.Authorization.ApiKeyAuthExample" name="ApiKeyAuth">
    <skipped/>
  </testcase> <!-- ApiKeyAuth -->
  <system-out/>
  <testcase classname="ems.Authorization.ApiKeyAuthExample" name="ApiKeyUsingParams">
    <skipped/>
  </testcase> <!-- ApiKeyUsingParams -->
  <system-out/>
</testsuite> <!-- ems.Authorization.ApiKeyAuthExample -->
