<?xml version="1.0" encoding="UTF-8"?>
<!-- Generated by org.testng.reporters.JUnitReportReporter -->
<testsuite hostname="Jas" failures="0" tests="5" name="ems.bdd_style.EmployeeManagementSystemBDD" time="2.364" errors="0" timestamp="2024-01-27T17:36:01 IST" skipped="4">
  <testcase classname="ems.bdd_style.EmployeeManagementSystemBDD" name="CreateEmployeeFromJson" time="2.364"/>
  <system-out/>
  <testcase classname="ems.bdd_style.EmployeeManagementSystemBDD" name="getEmployeesBdd">
    <skipped/>
  </testcase> <!-- getEmployeesBdd -->
  <system-out/>
  <testcase classname="ems.bdd_style.EmployeeManagementSystemBDD" name="DeleteEmployee">
    <skipped/>
  </testcase> <!-- DeleteEmployee -->
  <system-out/>
  <testcase classname="ems.bdd_style.EmployeeManagementSystemBDD" name="CreateEmployeeBDD">
    <skipped/>
  </testcase> <!-- CreateEmployeeBDD -->
  <system-out/>
  <testcase classname="ems.bdd_style.EmployeeManagementSystemBDD" name="UpdateEmployee">
    <skipped/>
  </testcase> <!-- UpdateEmployee -->
  <system-out/>
</testsuite> <!-- ems.bdd_style.EmployeeManagementSystemBDD -->
