<?xml version="1.0" encoding="UTF-8"?>
<!-- Generated by org.testng.reporters.JUnitReportReporter -->
<testsuite hostname="Jas" failures="0" tests="1" name="ems.bdd_style.GetAllEmployees" time="2.085" errors="0" timestamp="2024-01-26T23:17:43 IST" skipped="0">
  <testcase classname="ems.bdd_style.GetAllEmployees" name="getEmployees" time="2.085"/>
  <system-out/>
</testsuite> <!-- ems.bdd_style.GetAllEmployees -->
