<?xml version="1.0" encoding="UTF-8"?>
<!-- Generated by org.testng.reporters.JUnitReportReporter -->
<testsuite hostname="Jas" failures="0" tests="1" name="ems.Authorization.BasicAuthenticationExample" time="5.453" errors="0" timestamp="2024-02-03T15:15:24 IST" skipped="0">
  <testcase classname="ems.Authorization.BasicAuthenticationExample" name="BasicAuth" time="5.453"/>
  <system-out/>
</testsuite> <!-- ems.Authorization.BasicAuthenticationExample -->
