<?xml version="1.0" encoding="UTF-8"?>
<!-- Generated by org.testng.reporters.JUnitReportReporter -->
<testsuite hostname="Jas" failures="0" tests="1" name="ems.non_bdd.GetAllEmployees" time="2.343" errors="0" timestamp="2024-01-25T16:46:57 IST" skipped="0">
  <testcase classname="ems.non_bdd.GetAllEmployees" name="getAllEmployees" time="2.343"/>
  <system-out/>
</testsuite> <!-- ems.non_bdd.GetAllEmployees -->
