<?xml version="1.0" encoding="UTF-8"?>
<!-- Generated by org.testng.reporters.JUnitReportReporter -->
<testsuite hostname="Jas" failures="0" tests="1" name="serialisationDeserialisation.Serialization" time="2.708" errors="0" timestamp="2024-01-27T00:52:54 IST" skipped="0">
  <testcase classname="serialisationDeserialisation.Serialization" name="serializationConcept" time="2.708"/>
  <system-out/>
</testsuite> <!-- serialisationDeserialisation.Serialization -->
