<?xml version="1.0" encoding="UTF-8"?>
<!-- Generated by org.testng.reporters.JUnitReportReporter -->
<testsuite hostname="Jas" failures="0" tests="2" name="ems.SchemaValidation.RestAssuredJsonSchemaValidation" time="2.961" errors="0" timestamp="2024-01-27T13:27:13 IST" skipped="1">
  <testcase classname="ems.SchemaValidation.RestAssuredJsonSchemaValidation" name="ValidationUsingMatchesJsonSchema" time="2.961"/>
  <system-out/>
  <testcase classname="ems.SchemaValidation.RestAssuredJsonSchemaValidation" name="ValidationUsingJsonSchemaInClassPath">
    <skipped/>
  </testcase> <!-- ValidationUsingJsonSchemaInClassPath -->
  <system-out/>
</testsuite> <!-- ems.SchemaValidation.RestAssuredJsonSchemaValidation -->
