<?xml version="1.0" encoding="UTF-8"?>
<!-- Generated by org.testng.reporters.JUnitReportReporter -->
<testsuite hostname="Jas" failures="0" tests="1" name="ems.SchemaValidation.HamcrestMatcherJsonSchemaValidator" time="0.526" errors="0" timestamp="2024-01-27T14:15:48 IST" skipped="0">
  <testcase classname="ems.SchemaValidation.HamcrestMatcherJsonSchemaValidator" name="validate" time="0.526"/>
  <system-out/>
</testsuite> <!-- ems.SchemaValidation.HamcrestMatcherJsonSchemaValidator -->
