<?xml version="1.0" encoding="UTF-8"?>
<!-- Generated by org.testng.reporters.JUnitReportReporter -->
<testsuite hostname="Jas" failures="0" tests="1" name="ems.Authorization.BearerTokenAuthExample" time="3.782" errors="0" timestamp="2024-02-03T15:54:22 IST" skipped="0">
  <testcase classname="ems.Authorization.BearerTokenAuthExample" name="BearerTokenAuth" time="3.782"/>
  <system-out/>
</testsuite> <!-- ems.Authorization.BearerTokenAuthExample -->
