<?xml version="1.0" encoding="UTF-8"?>
<!-- Generated by org.testng.reporters.JUnitReportReporter -->
<testsuite hostname="Jas" failures="0" tests="1" name="jackson_DataBind_Serialization.Serialization" time="4.694" errors="0" timestamp="2024-01-29T19:29:12 IST" skipped="0">
  <testcase classname="jackson_DataBind_Serialization.Serialization" name="serializationConcept" time="4.694"/>
  <system-out/>
</testsuite> <!-- jackson_DataBind_Serialization.Serialization -->
