<?xml version="1.0" encoding="UTF-8"?>
<!-- Generated by org.testng.reporters.JUnitReportReporter -->
<testsuite hostname="Jas" failures="0" tests="2" name="ems.InterviewConcepts.RequestSpecificationExample" time="1.993" errors="0" timestamp="2024-02-03T14:10:51 IST" skipped="0">
  <testcase classname="ems.InterviewConcepts.RequestSpecificationExample" name="GetAllEmployees" time="1.958"/>
  <system-out/>
  <testcase classname="ems.InterviewConcepts.RequestSpecificationExample" name="GetAnmployees" time="0.035"/>
  <system-out/>
</testsuite> <!-- ems.InterviewConcepts.RequestSpecificationExample -->
