<?xml version="1.0" encoding="UTF-8"?>
<!-- Generated by org.testng.reporters.JUnitReportReporter -->
<testsuite hostname="Jas" failures="0" tests="3" name="ems.InterviewConcepts.MultipleRequestSpecification" time="2.728" errors="0" timestamp="2024-02-03T14:55:02 IST" skipped="0">
  <testcase classname="ems.InterviewConcepts.MultipleRequestSpecification" name="CreateEmployeeBDD" time="2.524"/>
  <system-out/>
  <testcase classname="ems.InterviewConcepts.MultipleRequestSpecification" name="GetAllEmployees" time="0.154"/>
  <system-out/>
  <testcase classname="ems.InterviewConcepts.MultipleRequestSpecification" name="GetAnmployees" time="0.050"/>
  <system-out/>
</testsuite> <!-- ems.InterviewConcepts.MultipleRequestSpecification -->
