<?xml version="1.0" encoding="UTF-8"?>
<!-- Generated by org.testng.reporters.JUnitReportReporter -->
<testsuite hostname="Jas" failures="0" tests="4" name="ems.non_bdd.EmployeeManagementSystem" time="3.134" errors="0" timestamp="2024-01-27T17:11:49 IST" skipped="3">
  <testcase classname="ems.non_bdd.EmployeeManagementSystem" name="getAllEmployees" time="3.134"/>
  <system-out/>
  <testcase classname="ems.non_bdd.EmployeeManagementSystem" name="DeleteEmployee">
    <skipped/>
  </testcase> <!-- DeleteEmployee -->
  <system-out/>
  <testcase classname="ems.non_bdd.EmployeeManagementSystem" name="CreateEmployee">
    <skipped/>
  </testcase> <!-- CreateEmployee -->
  <system-out/>
  <testcase classname="ems.non_bdd.EmployeeManagementSystem" name="UpdateAnEmployee">
    <skipped/>
  </testcase> <!-- UpdateAnEmployee -->
  <system-out/>
</testsuite> <!-- ems.non_bdd.EmployeeManagementSystem -->
