<?xml version="1.0" encoding="UTF-8"?>
<!-- Generated by org.testng.reporters.JUnitReportReporter -->
<testsuite hostname="Jas" failures="0" tests="1" name="ems.Authorization.OAuth2Example" time="4.640" errors="0" timestamp="2024-02-03T15:58:50 IST" skipped="0">
  <testcase classname="ems.Authorization.OAuth2Example" name="OAuth2" time="4.640"/>
  <system-out/>
</testsuite> <!-- ems.Authorization.OAuth2Example -->
